[2024-04-04 14:29:01,875] multiqc                                            [DEBUG  ]  This is MultiQC v1.21
[2024-04-04 14:29:01,877] multiqc                                            [DEBUG  ]  Command used: /home/cab565/.local/bin/multiqc .
[2024-04-04 14:29:02,284] multiqc                                            [DEBUG  ]  Latest MultiQC version is v1.21, released 2024-02-28
[2024-04-04 14:29:02,284] multiqc                                            [DEBUG  ]  Working dir : /local/workdir/cab565/git_repos/Soh/data/01_raw_gzipped_fastqs
[2024-04-04 14:29:02,284] multiqc                                            [DEBUG  ]  Template    : default
[2024-04-04 14:29:02,284] multiqc                                            [DEBUG  ]  Running Python 3.9.10 (main, Feb  9 2022, 00:00:00)  [GCC 11.2.1 20220127 (Red Hat 11.2.1-9)]
[2024-04-04 14:29:02,285] multiqc                                            [DEBUG  ]  Analysing modules: custom_content, ccs, ngsderive, purple, conpair, isoseq, lima, peddy, somalier, methylqa, mosdepth, phantompeakqualtools, qualimap, bamdst, preseq, hifiasm, quast, qorts, rna_seqc, rockhopper, rsem, rseqc, busco, bustools, goleft_indexcov, gffcompare, disambiguate, supernova, deeptools, sargasso, verifybamid, mirtrace, happy, mirtop, sambamba, gopeaks, homer, hops, macs2, theta2, snpeff, gatk, htseq, bcftools, featureCounts, fgbio, dragen, dragen_fastqc, dedup, pbmarkdup, damageprofiler, mapdamage, biobambam2, jcvi, mtnucratio, picard, vep, bakta, prokka, qc3C, nanostat, samblaster, samtools, sexdeterrmine, seqera_cli, eigenstratdatabasetools, bamtools, jellyfish, vcftools, longranger, stacks, varscan2, snippy, umitools, truvari, megahit, bbmap, bismark, biscuit, diamond, hicexplorer, hicup, hicpro, salmon, kallisto, slamdunk, star, hisat2, tophat, bowtie2, bowtie1, cellranger, snpsplit, odgi, pangolin, nextclade, freyja, humid, kat, leehom, librarian, nonpareil, adapterRemoval, bbduk, clipandmerge, cutadapt, flexbar, sourmash, kaiju, bracken, kraken, malt, motus, trimmomatic, sickle, skewer, sortmerna, biobloomtools, fastq_screen, afterqc, fastp, fastqc, filtlong, prinseqplusplus, pychopper, porechop, pycoqc, minionqc, anglerfish, multivcfanalyzer, clusterflow, checkqc, bcl2fastq, bclconvert, interop, ivar, flash, seqyclean, optitype, whatshap, spaceranger, xenome, xengsort, metaphlan, seqwho
[2024-04-04 14:29:02,285] multiqc                                            [DEBUG  ]  Using temporary directory for creating report: /tmp/tmppb3qaptw
[2024-04-04 14:29:02,289] multiqc                                            [INFO   ]  Search path : /local/workdir/cab565/git_repos/Soh/data/01_raw_gzipped_fastqs
[2024-04-04 14:29:02,350] multiqc                                            [DEBUG  ]  Summary of files that were skipped by the search: [skipped_module_specific_max_filesize: 26] // [skipped_no_match: 4] // [skipped_ignore_pattern: 2]
[2024-04-04 14:29:02,415] multiqc                                            [DEBUG  ]  No samples found: custom_content
[2024-04-04 14:29:02,423] multiqc.modules.fastqc.fastqc                      [INFO   ]  Found 2 reports
[2024-04-04 14:29:02,424] multiqc.utils.util_functions                       [DEBUG  ]  Wrote data file multiqc_fastqc.txt
[2024-04-04 14:29:02,704] multiqc.plots.plotly.heatmap                       [DEBUG  ]  Heatmap size: 450x200, px per element: 45.00x100.00
[2024-04-04 14:29:02,721] multiqc.utils.software_versions                    [DEBUG  ]  Reading software versions from config.software_versions
[2024-04-04 14:29:02,722] multiqc.utils.util_functions                       [DEBUG  ]  Wrote data file multiqc_software_versions.txt
[2024-04-04 14:29:02,730] multiqc.utils.util_functions                       [DEBUG  ]  Wrote data file multiqc_general_stats.txt
[2024-04-04 14:29:02,731] multiqc                                            [DEBUG  ]  Compressing plot data
[2024-04-04 14:29:02,792] multiqc.utils.util_functions                       [DEBUG  ]  Wrote data file multiqc_data.json
[2024-04-04 14:29:02,793] multiqc                                            [INFO   ]  Report      : multiqc_report.html
[2024-04-04 14:29:02,793] multiqc                                            [INFO   ]  Data        : multiqc_data
[2024-04-04 14:29:02,793] multiqc                                            [DEBUG  ]  Moving data file from '/tmp/tmppb3qaptw/multiqc_data' to '/local/workdir/cab565/git_repos/Soh/data/01_raw_gzipped_fastqs/multiqc_data'
[2024-04-04 14:29:02,794] multiqc                                            [DEBUG  ]  Full report path: /local/workdir/cab565/git_repos/Soh/data/01_raw_gzipped_fastqs/multiqc_report.html
[2024-04-04 14:29:02,966] multiqc                                            [INFO   ]  MultiQC complete
